[debug] [2026-06-19T00:32:12.292Z] ----------------------------------------------------------------------
[debug] [2026-06-19T00:32:12.297Z] Command:       C:\Program Files\nodejs\node.exe C:\Users\gidc\AppData\Roaming\npm\node_modules\firebase-tools\lib\bin\firebase.js projects:list
[debug] [2026-06-19T00:32:12.298Z] CLI Version:   14.27.0
[debug] [2026-06-19T00:32:12.298Z] Platform:      win32
[debug] [2026-06-19T00:32:12.298Z] Node Version:  v22.21.0
[debug] [2026-06-19T00:32:12.299Z] Time:          Fri Jun 19 2026 01:32:12 GMT+0100 (West Africa Standard Time)
[debug] [2026-06-19T00:32:12.299Z] ----------------------------------------------------------------------
[debug] 
[debug] [2026-06-19T00:32:12.304Z] >>> [apiv2][query] GET https://firebase-public.firebaseio.com/cli.json [none]
[debug] [2026-06-19T00:32:12.766Z] > command requires scopes: ["email","openid","https://www.googleapis.com/auth/cloudplatformprojects.readonly","https://www.googleapis.com/auth/firebase","https://www.googleapis.com/auth/cloud-platform"]
[debug] [2026-06-19T00:32:12.766Z] > authorizing via signed-in user (kenechukwu130@gmail.com)
[debug] [2026-06-19T00:32:12.771Z] Checked if tokens are valid: false, expires at: 1781639394888
[debug] [2026-06-19T00:32:12.772Z] Checked if tokens are valid: false, expires at: 1781639394888
[debug] [2026-06-19T00:32:12.772Z] > refreshing access token with scopes: []
[debug] [2026-06-19T00:32:12.775Z] >>> [apiv2][query] POST https://www.googleapis.com/oauth2/v3/token [none]
[debug] [2026-06-19T00:32:12.775Z] >>> [apiv2][body] POST https://www.googleapis.com/oauth2/v3/token [omitted]
[debug] [2026-06-19T00:32:13.148Z] *** [apiv2] error from fetch(https://www.googleapis.com/oauth2/v3/token, {"headers":{},"method":"POST","body":{"_overheadLength":545,"_valueLength":212,"_valuesToMeasure":[],"writable":false,"readable":true,"dataSize":0,"maxDataSize":2097152,"pauseStreams":true,"_released":true,"_streams":[],"_currentStream":null,"_insideLoop":false,"_pendingNext":false,"_boundary":"--------------------------f85dbab1c3eeabfd0779317c","_events":{},"_eventsCount":1}}): FetchError: request to https://www.googleapis.com/oauth2/v3/token failed, reason: unable to verify the first certificate
[error] Authentication Error: Your credentials are no longer valid. Please run firebase login --reauth

For CI servers and headless environments, generate a new token with firebase login:ci
[debug] [2026-06-19T00:32:13.148Z] Authentication Error: Your credentials are no longer valid. Please run firebase login --reauth

For CI servers and headless environments, generate a new token with firebase login:ci
[debug] [2026-06-19T00:32:13.315Z] *** [apiv2] error from fetch(https://firebase-public.firebaseio.com/cli.json, {"headers":{},"method":"GET"}): FetchError: request to https://firebase-public.firebaseio.com/cli.json failed, reason: unable to verify the first certificate
[warn] !  Unable to fetch the CLI MOTD and remote config. This is not a fatal error, but may indicate an issue with your network connection. 
[debug] [2026-06-19T00:32:13.316Z] Failed to fetch MOTD FirebaseError: Failed to make request to https://firebase-public.firebaseio.com/cli.json
[debug] [2026-06-19T00:32:13.697Z] FirebaseError: Authentication Error: Your credentials are no longer valid. Please run firebase login --reauth

For CI servers and headless environments, generate a new token with firebase login:ci
    at invalidCredentialError (C:\Users\gidc\AppData\Roaming\npm\node_modules\firebase-tools\lib\auth.js:167:12)
    at refreshTokens (C:\Users\gidc\AppData\Roaming\npm\node_modules\firebase-tools\lib\auth.js:591:15)
    at process.processTicksAndRejections (node:internal/process/task_queues:105:5)
    at async getAccessToken (C:\Users\gidc\AppData\Roaming\npm\node_modules\firebase-tools\lib\apiv2.js:42:18)
    at async Client.addAuthHeader (C:\Users\gidc\AppData\Roaming\npm\node_modules\firebase-tools\lib\apiv2.js:169:21)
    at async Client.request (C:\Users\gidc\AppData\Roaming\npm\node_modules\firebase-tools\lib\apiv2.js:120:34)
    at async getProjectPage (C:\Users\gidc\AppData\Roaming\npm\node_modules\firebase-tools\lib\management\projects.js:279:17)
    at async getFirebaseProjectPage (C:\Users\gidc\AppData\Roaming\npm\node_modules\firebase-tools\lib\management\projects.js:296:23)
    at async listFirebaseProjects (C:\Users\gidc\AppData\Roaming\npm\node_modules\firebase-tools\lib\management\projects.js:327:29)
    at async Command.actionFn (C:\Users\gidc\AppData\Roaming\npm\node_modules\firebase-tools\lib\commands\projects-list.js:51:20)
[error] 
[error] Error: Failed to list Firebase projects. See firebase-debug.log for more info.
